[2022-05-25 10:15:37.075] [exthost] [info] Extension host with pid 376 started
[2022-05-25 10:15:37.075] [exthost] [info] Skipping acquiring lock for /home/alexandersequera97/.config/Code/User/workspaceStorage/5a389ac6cd104a465d1b1a9044f023ff.
[2022-05-25 10:15:40.131] [exthost] [info] ExtensionService#_doActivateExtension vscode.html-language-features, startup: false, activationEvent: 'onLanguage:html'
[2022-05-25 10:15:40.699] [exthost] [info] ExtensionService#_doActivateExtension vscode.debug-auto-launch, startup: true, activationEvent: '*'
[2022-05-25 10:15:40.764] [exthost] [info] ExtensionService#_doActivateExtension vscode.git-base, startup: true, activationEvent: '*', root cause: vscode.git
[2022-05-25 10:15:40.793] [exthost] [info] ExtensionService#_doActivateExtension vscode.ipynb, startup: true, activationEvent: '*'
[2022-05-25 10:15:40.951] [exthost] [info] ExtensionService#_doActivateExtension vscode-icons-team.vscode-icons, startup: true, activationEvent: '*'
[2022-05-25 10:15:42.889] [exthost] [info] ExtensionService#_doActivateExtension vscode.git, startup: true, activationEvent: '*'
[2022-05-25 10:15:43.412] [exthost] [info] ExtensionService#_doActivateExtension vscode.github, startup: true, activationEvent: '*'
[2022-05-25 10:15:51.437] [exthost] [info] ExtensionService#_doActivateExtension vscode.emmet, startup: false, activationEvent: 'onStartupFinished'
[2022-05-25 10:15:51.516] [exthost] [info] ExtensionService#_doActivateExtension vscode.merge-conflict, startup: false, activationEvent: 'onStartupFinished'
[2022-05-25 10:15:59.795] [exthost] [info] Eager extensions activated
[2022-05-25 15:16:05.430] [exthost] [info] ExtensionService#_doActivateExtension vscode.css-language-features, startup: false, activationEvent: 'onLanguage:css'
[2022-05-25 17:04:50.711] [exthost] [info] ExtensionService#_doActivateExtension vscode.configuration-editing, startup: false, activationEvent: 'onLanguage:jsonc'
[2022-05-25 17:04:50.766] [exthost] [info] ExtensionService#_doActivateExtension vscode.json-language-features, startup: false, activationEvent: 'onLanguage:jsonc'
[2022-05-25 17:04:50.875] [exthost] [info] ExtensionService#_doActivateExtension vscode.typescript-language-features, startup: false, activationEvent: 'onLanguage:jsonc'
[2022-05-25 22:02:20.280] [exthost] [info] extension host terminating: renderer closed the socket
[2022-05-25 22:02:20.543] [exthost] [info] Extension host with pid 376 exiting with code 0
[2022-05-25 22:02:35.989] [exthost] [info] Extension host with pid 2313 started
[2022-05-25 22:02:37.652] [exthost] [info] ExtensionService#_doActivateExtension vscode.debug-auto-launch, startup: true, activationEvent: '*'
[2022-05-25 22:02:37.691] [exthost] [info] ExtensionService#_doActivateExtension vscode.git-base, startup: true, activationEvent: '*', root cause: vscode.git
[2022-05-25 22:02:37.760] [exthost] [info] ExtensionService#_doActivateExtension vscode.ipynb, startup: true, activationEvent: '*'
[2022-05-25 22:02:37.799] [exthost] [info] ExtensionService#_doActivateExtension vscode-icons-team.vscode-icons, startup: true, activationEvent: '*'
[2022-05-25 22:02:38.715] [exthost] [info] ExtensionService#_doActivateExtension vscode.git, startup: true, activationEvent: '*'
[2022-05-25 22:02:38.897] [exthost] [info] ExtensionService#_doActivateExtension vscode.github, startup: true, activationEvent: '*'
[2022-05-25 22:02:47.341] [exthost] [info] ExtensionService#_doActivateExtension vscode.emmet, startup: false, activationEvent: 'onStartupFinished'
[2022-05-25 22:02:47.401] [exthost] [info] ExtensionService#_doActivateExtension vscode.merge-conflict, startup: false, activationEvent: 'onStartupFinished'
[2022-05-25 22:02:51.381] [exthost] [info] Eager extensions activated
[2022-05-26 20:45:48.708] [exthost] [info] extension host terminating: renderer closed the socket
[2022-05-26 20:45:48.772] [exthost] [info] Extension host with pid 2313 exiting with code 0
[2022-05-26 20:45:56.081] [exthost] [info] Extension host with pid 4258 started
[2022-05-26 20:45:56.081] [exthost] [info] Skipping acquiring lock for /home/alexandersequera97/.config/Code/User/workspaceStorage/b85e3f63ad2383da5ed6e9a1dd1cf0ed.
[2022-05-26 20:45:56.603] [exthost] [info] ExtensionService#_doActivateExtension vscode.debug-auto-launch, startup: true, activationEvent: '*'
[2022-05-26 20:45:56.621] [exthost] [info] ExtensionService#_doActivateExtension vscode.git-base, startup: true, activationEvent: '*', root cause: vscode.git
[2022-05-26 20:45:56.651] [exthost] [info] ExtensionService#_doActivateExtension vscode.ipynb, startup: true, activationEvent: '*'
[2022-05-26 20:45:56.669] [exthost] [info] ExtensionService#_doActivateExtension vscode-icons-team.vscode-icons, startup: true, activationEvent: '*'
[2022-05-26 20:45:57.752] [exthost] [info] ExtensionService#_doActivateExtension vscode.git, startup: true, activationEvent: '*'
[2022-05-26 20:45:57.890] [exthost] [info] ExtensionService#_doActivateExtension vscode.github, startup: true, activationEvent: '*'
[2022-05-26 20:45:59.131] [exthost] [info] ExtensionService#_doActivateExtension vscode.html-language-features, startup: false, activationEvent: 'onLanguage:html'
[2022-05-26 20:46:03.655] [exthost] [info] Eager extensions activated
[2022-05-26 20:46:03.667] [exthost] [info] ExtensionService#_doActivateExtension vscode.emmet, startup: false, activationEvent: 'onStartupFinished'
[2022-05-26 20:46:03.698] [exthost] [info] ExtensionService#_doActivateExtension vscode.merge-conflict, startup: false, activationEvent: 'onStartupFinished'
[2022-05-26 20:57:17.245] [exthost] [info] ExtensionService#_doActivateExtension vscode.css-language-features, startup: false, activationEvent: 'onLanguage:css'
[2022-05-26 23:57:29.019] [exthost] [info] extension host terminating: renderer closed the socket
[2022-05-26 23:57:29.053] [exthost] [info] Extension host with pid 4258 exiting with code 0
[2022-05-26 23:57:37.032] [exthost] [info] Extension host with pid 4756 started
[2022-05-26 23:57:37.893] [exthost] [info] ExtensionService#_doActivateExtension vscode.debug-auto-launch, startup: true, activationEvent: '*'
[2022-05-26 23:57:37.909] [exthost] [info] ExtensionService#_doActivateExtension vscode.git-base, startup: true, activationEvent: '*', root cause: vscode.git
[2022-05-26 23:57:37.921] [exthost] [info] ExtensionService#_doActivateExtension vscode.ipynb, startup: true, activationEvent: '*'
[2022-05-26 23:57:37.944] [exthost] [info] ExtensionService#_doActivateExtension vscode-icons-team.vscode-icons, startup: true, activationEvent: '*'
[2022-05-26 23:57:39.011] [exthost] [info] ExtensionService#_doActivateExtension vscode.git, startup: true, activationEvent: '*'
[2022-05-26 23:57:39.113] [exthost] [info] ExtensionService#_doActivateExtension vscode.github, startup: true, activationEvent: '*'
[2022-05-26 23:57:41.028] [exthost] [info] extension host terminating: renderer closed the socket
[2022-05-26 23:57:41.041] [exthost] [info] Extension host with pid 4756 exiting with code 0
[2022-05-26 23:57:46.718] [exthost] [info] Extension host with pid 4788 started
[2022-05-26 23:57:46.718] [exthost] [info] Skipping acquiring lock for /home/alexandersequera97/.config/Code/User/workspaceStorage/654f5cddacbb5ebdb8b629c5495a5e94.
[2022-05-26 23:57:47.286] [exthost] [info] ExtensionService#_doActivateExtension vscode.debug-auto-launch, startup: true, activationEvent: '*'
[2022-05-26 23:57:47.304] [exthost] [info] ExtensionService#_doActivateExtension vscode.git-base, startup: true, activationEvent: '*', root cause: vscode.git
[2022-05-26 23:57:47.326] [exthost] [info] ExtensionService#_doActivateExtension vscode.ipynb, startup: true, activationEvent: '*'
[2022-05-26 23:57:47.343] [exthost] [info] ExtensionService#_doActivateExtension vscode-icons-team.vscode-icons, startup: true, activationEvent: '*'
[2022-05-26 23:57:48.134] [exthost] [info] ExtensionService#_doActivateExtension vscode.git, startup: true, activationEvent: '*'
[2022-05-26 23:57:48.207] [exthost] [info] ExtensionService#_doActivateExtension vscode.github, startup: true, activationEvent: '*'
[2022-05-26 23:57:50.909] [exthost] [info] ExtensionService#_doActivateExtension vscode.css-language-features, startup: false, activationEvent: 'onLanguage:css'
[2022-05-26 23:57:54.643] [exthost] [info] Eager extensions activated
[2022-05-26 23:57:54.652] [exthost] [info] ExtensionService#_doActivateExtension vscode.emmet, startup: false, activationEvent: 'onStartupFinished'
[2022-05-26 23:57:54.699] [exthost] [info] ExtensionService#_doActivateExtension vscode.merge-conflict, startup: false, activationEvent: 'onStartupFinished'
[2022-05-26 23:59:17.792] [exthost] [info] ExtensionService#_doActivateExtension vscode.html-language-features, startup: false, activationEvent: 'onLanguage:html'
[2022-05-27 15:46:44.589] [exthost] [info] ExtensionService#_doActivateExtension vscode.configuration-editing, startup: false, activationEvent: 'onLanguage:jsonc'
[2022-05-27 15:46:44.650] [exthost] [info] ExtensionService#_doActivateExtension vscode.json-language-features, startup: false, activationEvent: 'onLanguage:jsonc'
[2022-05-27 15:46:44.807] [exthost] [info] ExtensionService#_doActivateExtension vscode.typescript-language-features, startup: false, activationEvent: 'onLanguage:jsonc'
[2022-05-27 15:57:31.081] [exthost] [info] ExtensionService#_doActivateExtension vscode.simple-browser, startup: false, activationEvent: 'onOpenExternalUri:https'
