[2022-05-23 18:04:32.394] [exthost] [info] Extension host with pid 383 started
[2022-05-23 18:04:32.394] [exthost] [info] Skipping acquiring lock for /home/alexandersequera97/.config/Code/User/workspaceStorage/6286b3f25dd274a790a59421400c8c92.
[2022-05-23 18:04:33.422] [exthost] [info] ExtensionService#_doActivateExtension vscode.debug-auto-launch, startup: true, activationEvent: '*'
[2022-05-23 18:04:33.433] [exthost] [info] ExtensionService#_doActivateExtension vscode.git-base, startup: true, activationEvent: '*', root cause: vscode.git
[2022-05-23 18:04:33.460] [exthost] [info] ExtensionService#_doActivateExtension vscode.ipynb, startup: true, activationEvent: '*'
[2022-05-23 18:04:33.477] [exthost] [info] ExtensionService#_doActivateExtension vscode-icons-team.vscode-icons, startup: true, activationEvent: '*'
[2022-05-23 18:04:33.983] [exthost] [info] ExtensionService#_doActivateExtension vscode.git, startup: true, activationEvent: '*'
[2022-05-23 18:04:34.081] [exthost] [info] ExtensionService#_doActivateExtension vscode.github, startup: true, activationEvent: '*'
[2022-05-23 18:04:38.832] [exthost] [info] Eager extensions activated
[2022-05-23 18:04:38.847] [exthost] [info] ExtensionService#_doActivateExtension vscode.emmet, startup: false, activationEvent: 'onStartupFinished'
[2022-05-23 18:04:38.917] [exthost] [info] ExtensionService#_doActivateExtension vscode.merge-conflict, startup: false, activationEvent: 'onStartupFinished'
[2022-05-23 18:05:09.142] [exthost] [info] extension host terminating: renderer closed the socket
[2022-05-23 18:05:09.224] [exthost] [info] Extension host with pid 383 exiting with code 0
[2022-05-23 18:05:20.543] [exthost] [info] Extension host with pid 557 started
[2022-05-23 18:05:22.062] [exthost] [info] ExtensionService#_doActivateExtension vscode.debug-auto-launch, startup: true, activationEvent: '*'
[2022-05-23 18:05:22.085] [exthost] [info] ExtensionService#_doActivateExtension vscode.git-base, startup: true, activationEvent: '*', root cause: vscode.git
[2022-05-23 18:05:22.133] [exthost] [info] ExtensionService#_doActivateExtension vscode.ipynb, startup: true, activationEvent: '*'
[2022-05-23 18:05:22.170] [exthost] [info] ExtensionService#_doActivateExtension vscode-icons-team.vscode-icons, startup: true, activationEvent: '*'
[2022-05-23 18:05:22.754] [exthost] [info] ExtensionService#_doActivateExtension vscode.git, startup: true, activationEvent: '*'
[2022-05-23 18:05:22.830] [exthost] [info] ExtensionService#_doActivateExtension vscode.github, startup: true, activationEvent: '*'
[2022-05-23 18:05:22.855] [exthost] [info] extension host terminating: renderer closed the socket
[2022-05-23 18:05:22.860] [exthost] [info] Extension host with pid 557 exiting with code 0
[2022-05-23 18:05:29.310] [exthost] [info] Extension host with pid 758 started
[2022-05-23 18:05:29.310] [exthost] [info] Skipping acquiring lock for /home/alexandersequera97/.config/Code/User/workspaceStorage/5a389ac6cd104a465d1b1a9044f023ff.
[2022-05-23 18:05:29.847] [exthost] [info] ExtensionService#_doActivateExtension vscode.css-language-features, startup: false, activationEvent: 'onLanguage:css'
[2022-05-23 18:05:29.901] [exthost] [info] ExtensionService#_doActivateExtension vscode.debug-auto-launch, startup: true, activationEvent: '*'
[2022-05-23 18:05:29.907] [exthost] [info] ExtensionService#_doActivateExtension vscode.git-base, startup: true, activationEvent: '*', root cause: vscode.git
[2022-05-23 18:05:29.912] [exthost] [info] ExtensionService#_doActivateExtension vscode.ipynb, startup: true, activationEvent: '*'
[2022-05-23 18:05:29.926] [exthost] [info] ExtensionService#_doActivateExtension vscode-icons-team.vscode-icons, startup: true, activationEvent: '*'
[2022-05-23 18:05:31.802] [exthost] [info] ExtensionService#_doActivateExtension vscode.html-language-features, startup: false, activationEvent: 'onLanguage:html'
[2022-05-23 18:05:31.873] [exthost] [info] ExtensionService#_doActivateExtension vscode.git, startup: true, activationEvent: '*'
[2022-05-23 18:05:31.971] [exthost] [info] ExtensionService#_doActivateExtension vscode.github, startup: true, activationEvent: '*'
[2022-05-23 18:05:39.745] [exthost] [info] ExtensionService#_doActivateExtension vscode.emmet, startup: false, activationEvent: 'onStartupFinished'
[2022-05-23 18:05:39.789] [exthost] [info] ExtensionService#_doActivateExtension vscode.merge-conflict, startup: false, activationEvent: 'onStartupFinished'
